<?xml version="1.0" encoding="UTF-8"?>
<coverage generated="1776219597322" clover="3.2.0">
  <project timestamp="1776219597322" name="All files">
    <metrics statements="8" coveredstatements="8" conditionals="11" coveredconditionals="11" methods="2" coveredmethods="2" elements="21" coveredelements="21" complexity="0" loc="8" ncloc="8" packages="1" files="1" classes="1"/>
    <file name="criarReceitaCore.js" path="C:\Users\jab\Documents\sistema de receita\projeto-integrador-web3\backend\src\core\criarReceitaCore.js">
      <metrics statements="8" coveredstatements="8" conditionals="11" coveredconditionals="11" methods="2" coveredmethods="2"/>
      <line num="6" count="10" type="stmt"/>
      <line num="9" count="10" type="cond" truecount="5" falsecount="0"/>
      <line num="10" count="3" type="stmt"/>
      <line num="16" count="7" type="cond" truecount="4" falsecount="0"/>
      <line num="17" count="2" type="stmt"/>
      <line num="20" count="5" type="stmt"/>
      <line num="24" count="9" type="stmt"/>
      <line num="29" count="5" type="stmt"/>
    </file>
  </project>
</coverage>
