<?xml version="1.0" encoding="UTF-8"?>
<coverage generated="1776556940478" clover="3.2.0">
  <project timestamp="1776556940478" name="All files">
    <metrics statements="22" coveredstatements="19" conditionals="29" coveredconditionals="21" methods="3" coveredmethods="3" elements="54" coveredelements="43" complexity="0" loc="22" ncloc="22" packages="1" files="1" classes="1"/>
    <file name="atualizarReceitaCore.js" path="C:\Users\jvian\projeto-integrador-web3\backend\src\core\atualizarReceitaCore.js">
      <metrics statements="22" coveredstatements="19" conditionals="29" coveredconditionals="21" methods="3" coveredmethods="3"/>
      <line num="11" count="7" type="stmt"/>
      <line num="13" count="7" type="cond" truecount="2" falsecount="0"/>
      <line num="14" count="1" type="stmt"/>
      <line num="17" count="6" type="stmt"/>
      <line num="20" count="6" type="cond" truecount="2" falsecount="0"/>
      <line num="27" count="1" type="stmt"/>
      <line num="31" count="5" type="cond" truecount="2" falsecount="0"/>
      <line num="32" count="3" type="cond" truecount="2" falsecount="0"/>
      <line num="33" count="1" type="stmt"/>
      <line num="35" count="2" type="stmt"/>
      <line num="38" count="4" type="cond" truecount="1" falsecount="1"/>
      <line num="39" count="0" type="cond" truecount="0" falsecount="2"/>
      <line num="42" count="4" type="cond" truecount="2" falsecount="0"/>
      <line num="43" count="1" type="cond" truecount="1" falsecount="1"/>
      <line num="44" count="0" type="stmt"/>
      <line num="46" count="1" type="stmt"/>
      <line num="47" count="2" type="stmt"/>
      <line num="51" count="4" type="cond" truecount="1" falsecount="1"/>
      <line num="52" count="0" type="cond" truecount="0" falsecount="2"/>
      <line num="55" count="4" type="cond" truecount="2" falsecount="0"/>
      <line num="56" count="1" type="cond" truecount="1" falsecount="1"/>
      <line num="59" count="4" type="stmt"/>
    </file>
  </project>
</coverage>
