{"C:\\Users\\jab\\Documents\\sistema de receita\\projeto-integrador-web3\\backend\\src\\core\\criarReceitaCore.js": {"path":"C:\\Users\\jab\\Documents\\sistema de receita\\projeto-integrador-web3\\backend\\src\\core\\criarReceitaCore.js","statementMap":{"0":{"start":{"line":6,"column":54},"end":{"line":6,"column":58}},"1":{"start":{"line":9,"column":2},"end":{"line":13,"column":3}},"2":{"start":{"line":10,"column":4},"end":{"line":12,"column":6}},"3":{"start":{"line":16,"column":2},"end":{"line":18,"column":3}},"4":{"start":{"line":17,"column":4},"end":{"line":17,"column":72}},"5":{"start":{"line":20,"column":18},"end":{"line":27,"column":3}},"6":{"start":{"line":24,"column":6},"end":{"line":24,"column":24}},"7":{"start":{"line":29,"column":2},"end":{"line":29,"column":17}}},"fnMap":{"0":{"name":"criarReceitaCore","decl":{"start":{"line":5,"column":16},"end":{"line":5,"column":32}},"loc":{"start":{"line":5,"column":39},"end":{"line":30,"column":1}},"line":5},"1":{"name":"(anonymous_1)","decl":{"start":{"line":23,"column":35},"end":{"line":23,"column":36}},"loc":{"start":{"line":24,"column":6},"end":{"line":24,"column":24}},"line":24}},"branchMap":{"0":{"loc":{"start":{"line":9,"column":2},"end":{"line":13,"column":3}},"type":"if","locations":[{"start":{"line":9,"column":2},"end":{"line":13,"column":3}},{"start":{},"end":{}}],"line":9},"1":{"loc":{"start":{"line":9,"column":6},"end":{"line":9,"column":44}},"type":"binary-expr","locations":[{"start":{"line":9,"column":6},"end":{"line":9,"column":11}},{"start":{"line":9,"column":15},"end":{"line":9,"column":28}},{"start":{"line":9,"column":32},"end":{"line":9,"column":44}}],"line":9},"2":{"loc":{"start":{"line":16,"column":2},"end":{"line":18,"column":3}},"type":"if","locations":[{"start":{"line":16,"column":2},"end":{"line":18,"column":3}},{"start":{},"end":{}}],"line":16},"3":{"loc":{"start":{"line":16,"column":6},"end":{"line":16,"column":63}},"type":"binary-expr","locations":[{"start":{"line":16,"column":6},"end":{"line":16,"column":34}},{"start":{"line":16,"column":38},"end":{"line":16,"column":63}}],"line":16},"4":{"loc":{"start":{"line":22,"column":12},"end":{"line":22,"column":32}},"type":"binary-expr","locations":[{"start":{"line":22,"column":12},"end":{"line":22,"column":26}},{"start":{"line":22,"column":30},"end":{"line":22,"column":32}}],"line":22}},"s":{"0":10,"1":10,"2":3,"3":7,"4":2,"5":5,"6":9,"7":5},"f":{"0":10,"1":9},"b":{"0":[3,7],"1":[10,9,8],"2":[2,5],"3":[7,6],"4":[5,4]},"_coverageSchema":"1a1c01bbd47fc00a2c39e90264f33305004495a9","hash":"830c5573a8a9f45021b03dc736b562aa1771dce7"}
}
