{"C:\\Users\\jvian\\projeto-integrador-web3\\backend\\src\\core\\atualizarReceitaCore.js": {"path":"C:\\Users\\jvian\\projeto-integrador-web3\\backend\\src\\core\\atualizarReceitaCore.js","statementMap":{"0":{"start":{"line":11,"column":18},"end":{"line":11,"column":54}},"1":{"start":{"line":11,"column":42},"end":{"line":11,"column":53}},"2":{"start":{"line":13,"column":2},"end":{"line":15,"column":3}},"3":{"start":{"line":14,"column":4},"end":{"line":14,"column":47}},"4":{"start":{"line":17,"column":65},"end":{"line":17,"column":76}},"5":{"start":{"line":20,"column":2},"end":{"line":28,"column":3}},"6":{"start":{"line":27,"column":4},"end":{"line":27,"column":71}},"7":{"start":{"line":31,"column":2},"end":{"line":36,"column":3}},"8":{"start":{"line":32,"column":4},"end":{"line":34,"column":5}},"9":{"start":{"line":33,"column":6},"end":{"line":33,"column":60}},"10":{"start":{"line":35,"column":4},"end":{"line":35,"column":31}},"11":{"start":{"line":38,"column":2},"end":{"line":40,"column":3}},"12":{"start":{"line":39,"column":4},"end":{"line":39,"column":42}},"13":{"start":{"line":42,"column":2},"end":{"line":49,"column":3}},"14":{"start":{"line":43,"column":4},"end":{"line":45,"column":5}},"15":{"start":{"line":44,"column":6},"end":{"line":44,"column":68}},"16":{"start":{"line":46,"column":4},"end":{"line":48,"column":6}},"17":{"start":{"line":47,"column":6},"end":{"line":47,"column":24}},"18":{"start":{"line":51,"column":2},"end":{"line":53,"column":3}},"19":{"start":{"line":52,"column":4},"end":{"line":52,"column":60}},"20":{"start":{"line":55,"column":2},"end":{"line":57,"column":3}},"21":{"start":{"line":56,"column":4},"end":{"line":56,"column":34}},"22":{"start":{"line":59,"column":2},"end":{"line":59,"column":17}}},"fnMap":{"0":{"name":"atualizarReceitaCore","decl":{"start":{"line":10,"column":16},"end":{"line":10,"column":36}},"loc":{"start":{"line":10,"column":67},"end":{"line":60,"column":1}},"line":10},"1":{"name":"(anonymous_1)","decl":{"start":{"line":11,"column":35},"end":{"line":11,"column":36}},"loc":{"start":{"line":11,"column":42},"end":{"line":11,"column":53}},"line":11},"2":{"name":"(anonymous_2)","decl":{"start":{"line":46,"column":44},"end":{"line":46,"column":45}},"loc":{"start":{"line":47,"column":6},"end":{"line":47,"column":24}},"line":47}},"branchMap":{"0":{"loc":{"start":{"line":13,"column":2},"end":{"line":15,"column":3}},"type":"if","locations":[{"start":{"line":13,"column":2},"end":{"line":15,"column":3}},{"start":{},"end":{}}],"line":13},"1":{"loc":{"start":{"line":20,"column":2},"end":{"line":28,"column":3}},"type":"if","locations":[{"start":{"line":20,"column":2},"end":{"line":28,"column":3}},{"start":{},"end":{}}],"line":20},"2":{"loc":{"start":{"line":21,"column":4},"end":{"line":25,"column":23}},"type":"binary-expr","locations":[{"start":{"line":21,"column":4},"end":{"line":21,"column":22}},{"start":{"line":22,"column":4},"end":{"line":22,"column":24}},{"start":{"line":23,"column":4},"end":{"line":23,"column":30}},{"start":{"line":24,"column":4},"end":{"line":24,"column":33}},{"start":{"line":25,"column":4},"end":{"line":25,"column":23}}],"line":21},"3":{"loc":{"start":{"line":31,"column":2},"end":{"line":36,"column":3}},"type":"if","locations":[{"start":{"line":31,"column":2},"end":{"line":36,"column":3}},{"start":{},"end":{}}],"line":31},"4":{"loc":{"start":{"line":32,"column":4},"end":{"line":34,"column":5}},"type":"if","locations":[{"start":{"line":32,"column":4},"end":{"line":34,"column":5}},{"start":{},"end":{}}],"line":32},"5":{"loc":{"start":{"line":38,"column":2},"end":{"line":40,"column":3}},"type":"if","locations":[{"start":{"line":38,"column":2},"end":{"line":40,"column":3}},{"start":{},"end":{}}],"line":38},"6":{"loc":{"start":{"line":39,"column":21},"end":{"line":39,"column":41}},"type":"binary-expr","locations":[{"start":{"line":39,"column":21},"end":{"line":39,"column":35}},{"start":{"line":39,"column":39},"end":{"line":39,"column":41}}],"line":39},"7":{"loc":{"start":{"line":42,"column":2},"end":{"line":49,"column":3}},"type":"if","locations":[{"start":{"line":42,"column":2},"end":{"line":49,"column":3}},{"start":{},"end":{}}],"line":42},"8":{"loc":{"start":{"line":43,"column":4},"end":{"line":45,"column":5}},"type":"if","locations":[{"start":{"line":43,"column":4},"end":{"line":45,"column":5}},{"start":{},"end":{}}],"line":43},"9":{"loc":{"start":{"line":51,"column":2},"end":{"line":53,"column":3}},"type":"if","locations":[{"start":{"line":51,"column":2},"end":{"line":53,"column":3}},{"start":{},"end":{}}],"line":51},"10":{"loc":{"start":{"line":52,"column":30},"end":{"line":52,"column":59}},"type":"binary-expr","locations":[{"start":{"line":52,"column":30},"end":{"line":52,"column":53}},{"start":{"line":52,"column":57},"end":{"line":52,"column":59}}],"line":52},"11":{"loc":{"start":{"line":55,"column":2},"end":{"line":57,"column":3}},"type":"if","locations":[{"start":{"line":55,"column":2},"end":{"line":57,"column":3}},{"start":{},"end":{}}],"line":55},"12":{"loc":{"start":{"line":56,"column":20},"end":{"line":56,"column":33}},"type":"binary-expr","locations":[{"start":{"line":56,"column":20},"end":{"line":56,"column":25}},{"start":{"line":56,"column":29},"end":{"line":56,"column":33}}],"line":56}},"s":{"0":7,"1":7,"2":7,"3":1,"4":6,"5":6,"6":1,"7":5,"8":3,"9":1,"10":2,"11":4,"12":0,"13":4,"14":1,"15":0,"16":1,"17":2,"18":4,"19":0,"20":4,"21":1,"22":4},"f":{"0":7,"1":7,"2":2},"b":{"0":[1,6],"1":[1,5],"2":[6,3,3,2,2],"3":[3,2],"4":[1,2],"5":[0,4],"6":[0,0],"7":[1,3],"8":[0,1],"9":[0,4],"10":[0,0],"11":[1,3],"12":[1,0]},"_coverageSchema":"1a1c01bbd47fc00a2c39e90264f33305004495a9","hash":"ada56077eddb9f47868b759b17d299c6bcca88bb"}
}
