TN:
SF:src\core\atualizarReceitaCore.js
FN:10,atualizarReceitaCore
FN:11,(anonymous_1)
FN:46,(anonymous_2)
FNF:3
FNH:3
FNDA:7,atualizarReceitaCore
FNDA:7,(anonymous_1)
FNDA:2,(anonymous_2)
DA:11,7
DA:13,7
DA:14,1
DA:17,6
DA:20,6
DA:27,1
DA:31,5
DA:32,3
DA:33,1
DA:35,2
DA:38,4
DA:39,0
DA:42,4
DA:43,1
DA:44,0
DA:46,1
DA:47,2
DA:51,4
DA:52,0
DA:55,4
DA:56,1
DA:59,4
LF:22
LH:19
BRDA:13,0,0,1
BRDA:13,0,1,6
BRDA:20,1,0,1
BRDA:20,1,1,5
BRDA:21,2,0,6
BRDA:21,2,1,3
BRDA:21,2,2,3
BRDA:21,2,3,2
BRDA:21,2,4,2
BRDA:31,3,0,3
BRDA:31,3,1,2
BRDA:32,4,0,1
BRDA:32,4,1,2
BRDA:38,5,0,0
BRDA:38,5,1,4
BRDA:39,6,0,0
BRDA:39,6,1,0
BRDA:42,7,0,1
BRDA:42,7,1,3
BRDA:43,8,0,0
BRDA:43,8,1,1
BRDA:51,9,0,0
BRDA:51,9,1,4
BRDA:52,10,0,0
BRDA:52,10,1,0
BRDA:55,11,0,1
BRDA:55,11,1,3
BRDA:56,12,0,1
BRDA:56,12,1,0
BRF:29
BRH:21
end_of_record
